Build started 18/12/2017 12:07:56 μμ.
     1>Project "D:\VisualStudio2010Projects\SHA\SHA\SHA.vcxproj" on node 2 (rebuild target(s)).
     1>_PrepareForClean:
         Deleting file "Debug\SHA.lastbuildstate".
       InitializeBuildStatus:
         Creating "Debug\SHA.unsuccessfulbuild" because "AlwaysCreate" was specified.
       ClCompile:
         c:\Program Files (x86)\Microsoft Visual Studio 10.0\VC\bin\CL.exe /c /ZI /nologo /W3 /WX- /Od /Oy- /D WIN32 /D _DEBUG /D _CONSOLE /D _UNICODE /D UNICODE /Gm /EHsc /RTC1 /MDd /GS /fp:precise /Zc:wchar_t /Zc:forScope /Fo"Debug\\" /Fd"Debug\vc100.pdb" /Gd /TP /analyze- /errorReport:prompt main.cpp
         main.cpp
       ManifestResourceCompile:
         C:\Program Files (x86)\Microsoft SDKs\Windows\v7.0A\bin\rc.exe /nologo /fo"Debug\SHA.exe.embed.manifest.res" Debug\SHA_manifest.rc 
       Link:
         c:\Program Files (x86)\Microsoft Visual Studio 10.0\VC\bin\link.exe /ERRORREPORT:PROMPT /OUT:"D:\VisualStudio2010Projects\SHA\Debug\SHA.exe" /INCREMENTAL /NOLOGO kernel32.lib user32.lib gdi32.lib winspool.lib comdlg32.lib advapi32.lib shell32.lib ole32.lib oleaut32.lib uuid.lib odbc32.lib odbccp32.lib /MANIFEST /ManifestFile:"Debug\SHA.exe.intermediate.manifest" /MANIFESTUAC:"level='asInvoker' uiAccess='false'" /DEBUG /PDB:"D:\VisualStudio2010Projects\SHA\Debug\SHA.pdb" /SUBSYSTEM:CONSOLE /TLBID:1 /DYNAMICBASE /NXCOMPAT /IMPLIB:"D:\VisualStudio2010Projects\SHA\Debug\SHA.lib" /MACHINE:X86 Debug\SHA.exe.embed.manifest.res
         Debug\main.obj
       Manifest:
         Deleting file "Debug\SHA.exe.embed.manifest".
         C:\Program Files (x86)\Microsoft SDKs\Windows\v7.0A\bin\mt.exe /nologo /verbose /out:"Debug\SHA.exe.embed.manifest" /manifest Debug\SHA.exe.intermediate.manifest
         C:\Program Files (x86)\Microsoft SDKs\Windows\v7.0A\bin\rc.exe /nologo /fo"Debug\SHA.exe.embed.manifest.res" Debug\SHA_manifest.rc 
       LinkEmbedManifest:
         c:\Program Files (x86)\Microsoft Visual Studio 10.0\VC\bin\link.exe /ERRORREPORT:PROMPT /OUT:"D:\VisualStudio2010Projects\SHA\Debug\SHA.exe" /INCREMENTAL /NOLOGO kernel32.lib user32.lib gdi32.lib winspool.lib comdlg32.lib advapi32.lib shell32.lib ole32.lib oleaut32.lib uuid.lib odbc32.lib odbccp32.lib /MANIFEST /ManifestFile:"Debug\SHA.exe.intermediate.manifest" /MANIFESTUAC:"level='asInvoker' uiAccess='false'" /DEBUG /PDB:"D:\VisualStudio2010Projects\SHA\Debug\SHA.pdb" /SUBSYSTEM:CONSOLE /TLBID:1 /DYNAMICBASE /NXCOMPAT /IMPLIB:"D:\VisualStudio2010Projects\SHA\Debug\SHA.lib" /MACHINE:X86 Debug\SHA.exe.embed.manifest.res
         Debug\main.obj
         SHA.vcxproj -> D:\VisualStudio2010Projects\SHA\Debug\SHA.exe
       FinalizeBuildStatus:
         Deleting file "Debug\SHA.unsuccessfulbuild".
         Touching "Debug\SHA.lastbuildstate".
     1>Done Building Project "D:\VisualStudio2010Projects\SHA\SHA\SHA.vcxproj" (rebuild target(s)).

Build succeeded.

Time Elapsed 00:00:00.88
