D:\C++PROJECTS\SHA\DEBUG\SHA.EXE
D:\C++PROJECTS\SHA\DEBUG\SHA.ILK
D:\C++PROJECTS\SHA\DEBUG\SHA.PDB
D:\C++Projects\SHA\SHA\Debug\cl.command.1.tlog
D:\C++Projects\SHA\SHA\Debug\CL.read.1.tlog
D:\C++Projects\SHA\SHA\Debug\CL.write.1.tlog
D:\C++Projects\SHA\SHA\Debug\link.4212.read.1.tlog
D:\C++Projects\SHA\SHA\Debug\link.4212.write.1.tlog
D:\C++Projects\SHA\SHA\Debug\link.4212-cvtres.read.1.tlog
D:\C++Projects\SHA\SHA\Debug\link.4212-cvtres.write.1.tlog
D:\C++Projects\SHA\SHA\Debug\link.5076.read.1.tlog
D:\C++Projects\SHA\SHA\Debug\link.5076.write.1.tlog
D:\C++Projects\SHA\SHA\Debug\link.5076-cvtres.read.1.tlog
D:\C++Projects\SHA\SHA\Debug\link.5076-cvtres.write.1.tlog
D:\C++Projects\SHA\SHA\Debug\link.command.1.tlog
D:\C++Projects\SHA\SHA\Debug\link.read.1.tlog
D:\C++Projects\SHA\SHA\Debug\link.write.1.tlog
D:\C++Projects\SHA\SHA\Debug\link-cvtres.read.1.tlog
D:\C++Projects\SHA\SHA\Debug\link-cvtres.write.1.tlog
D:\C++PROJECTS\SHA\SHA\DEBUG\MAIN.OBJ
D:\C++Projects\SHA\SHA\Debug\mt.command.1.tlog
D:\C++Projects\SHA\SHA\Debug\mt.read.1.tlog
D:\C++Projects\SHA\SHA\Debug\mt.write.1.tlog
D:\C++Projects\SHA\SHA\Debug\rc.command.1.tlog
D:\C++Projects\SHA\SHA\Debug\rc.read.1.tlog
D:\C++Projects\SHA\SHA\Debug\rc.write.1.tlog
D:\C++PROJECTS\SHA\SHA\DEBUG\SHA.EXE.EMBED.MANIFEST
D:\C++PROJECTS\SHA\SHA\DEBUG\SHA.EXE.EMBED.MANIFEST.RES
D:\C++PROJECTS\SHA\SHA\DEBUG\SHA.EXE.INTERMEDIATE.MANIFEST
D:\C++Projects\SHA\SHA\Debug\SHA.vcxprojResolveAssemblyReference.cache
D:\C++Projects\SHA\SHA\Debug\SHA.write.1.tlog
D:\C++Projects\SHA\SHA\Debug\SHA_manifest.rc
D:\C++Projects\SHA\SHA\Debug\vc100.idb
D:\C++PROJECTS\SHA\SHA\DEBUG\VC100.PDB
D:\VISUALSTUDIO2010PROJECTS\SHA\DEBUG\SHA.EXE
D:\VISUALSTUDIO2010PROJECTS\SHA\DEBUG\SHA.ILK
D:\VISUALSTUDIO2010PROJECTS\SHA\DEBUG\SHA.PDB
D:\VISUALSTUDIO2010PROJECTS\SHA\SHA\DEBUG\MAIN.OBJ
D:\VISUALSTUDIO2010PROJECTS\SHA\SHA\DEBUG\SHA.EXE.EMBED.MANIFEST
D:\VISUALSTUDIO2010PROJECTS\SHA\SHA\DEBUG\SHA.EXE.EMBED.MANIFEST.RES
D:\VISUALSTUDIO2010PROJECTS\SHA\SHA\DEBUG\SHA.EXE.INTERMEDIATE.MANIFEST
D:\VISUALSTUDIO2010PROJECTS\SHA\SHA\DEBUG\VC100.PDB
