D:\C++PROJECTS\SHA\RELEASE\SHA.EXE
D:\C++PROJECTS\SHA\RELEASE\SHA.PDB
D:\C++Projects\SHA\SHA\Release\cl.command.1.tlog
D:\C++Projects\SHA\SHA\Release\CL.read.1.tlog
D:\C++Projects\SHA\SHA\Release\CL.write.1.tlog
D:\C++Projects\SHA\SHA\Release\link.command.1.tlog
D:\C++Projects\SHA\SHA\Release\link.read.1.tlog
D:\C++Projects\SHA\SHA\Release\link.write.1.tlog
D:\C++PROJECTS\SHA\SHA\RELEASE\MAIN.OBJ
D:\C++Projects\SHA\SHA\Release\mt.command.1.tlog
D:\C++Projects\SHA\SHA\Release\mt.read.1.tlog
D:\C++Projects\SHA\SHA\Release\mt.write.1.tlog
D:\C++PROJECTS\SHA\SHA\RELEASE\SHA.EXE.INTERMEDIATE.MANIFEST
D:\C++Projects\SHA\SHA\Release\SHA.vcxprojResolveAssemblyReference.cache
D:\C++Projects\SHA\SHA\Release\SHA.write.1.tlog
D:\C++PROJECTS\SHA\SHA\RELEASE\VC100.PDB
D:\VISUALSTUDIO2010PROJECTS\SHA\RELEASE\SHA.EXE
D:\VISUALSTUDIO2010PROJECTS\SHA\RELEASE\SHA.PDB
D:\VISUALSTUDIO2010PROJECTS\SHA\SHA\RELEASE\MAIN.OBJ
D:\VISUALSTUDIO2010PROJECTS\SHA\SHA\RELEASE\SHA.EXE.INTERMEDIATE.MANIFEST
D:\VISUALSTUDIO2010PROJECTS\SHA\SHA\RELEASE\VC100.PDB
