Build started 18/12/2017 12:07:51 μμ.
     1>Project "D:\VisualStudio2010Projects\SHA\SHA\SHA.vcxproj" on node 2 (rebuild target(s)).
     1>_PrepareForClean:
         Deleting file "Release\SHA.lastbuildstate".
       InitializeBuildStatus:
         Creating "Release\SHA.unsuccessfulbuild" because "AlwaysCreate" was specified.
       ClCompile:
         c:\Program Files (x86)\Microsoft Visual Studio 10.0\VC\bin\CL.exe /c /Zi /nologo /W3 /WX- /O2 /Oi /Oy- /GL /D WIN32 /D NDEBUG /D _CONSOLE /D _UNICODE /D UNICODE /Gm- /EHsc /MD /GS /Gy /fp:precise /Zc:wchar_t /Zc:forScope /Fo"Release\\" /Fd"Release\vc100.pdb" /Gd /TP /analyze- /errorReport:prompt main.cpp
         main.cpp
       Link:
         c:\Program Files (x86)\Microsoft Visual Studio 10.0\VC\bin\link.exe /ERRORREPORT:PROMPT /OUT:"D:\VisualStudio2010Projects\SHA\Release\SHA.exe" /INCREMENTAL:NO /NOLOGO kernel32.lib user32.lib gdi32.lib winspool.lib comdlg32.lib advapi32.lib shell32.lib ole32.lib oleaut32.lib uuid.lib odbc32.lib odbccp32.lib /MANIFEST /ManifestFile:"Release\SHA.exe.intermediate.manifest" /MANIFESTUAC:"level='asInvoker' uiAccess='false'" /DEBUG /PDB:"D:\VisualStudio2010Projects\SHA\Release\SHA.pdb" /SUBSYSTEM:CONSOLE /OPT:REF /OPT:ICF /LTCG /TLBID:1 /DYNAMICBASE /NXCOMPAT /IMPLIB:"D:\VisualStudio2010Projects\SHA\Release\SHA.lib" /MACHINE:X86 Release\main.obj
         Generating code
         Finished generating code
         SHA.vcxproj -> D:\VisualStudio2010Projects\SHA\Release\SHA.exe
       Manifest:
         C:\Program Files (x86)\Microsoft SDKs\Windows\v7.0A\bin\mt.exe /nologo /verbose /outputresource:"D:\VisualStudio2010Projects\SHA\Release\SHA.exe;#1" /manifest Release\SHA.exe.intermediate.manifest
       FinalizeBuildStatus:
         Deleting file "Release\SHA.unsuccessfulbuild".
         Touching "Release\SHA.lastbuildstate".
     1>Done Building Project "D:\VisualStudio2010Projects\SHA\SHA\SHA.vcxproj" (rebuild target(s)).

Build succeeded.

Time Elapsed 00:00:00.66
